<?xml version="1.0" encoding="UTF-8"?>
<!-- Generated by org.testng.reporters.JUnitXMLReporter -->
<testsuite ignored="3" hostname="1XNGKT3" failures="0" tests="1" name="Default test" time="376.338" errors="0" timestamp="2025-02-10T17:27:20 IST">
  <testcase classname="com.terex.tests.IntegrationScenario" name="EndToEndQuoteCreationForProAll" time="376.014"/>
  <testcase classname="com.terex.tests.IntegrationScenario" name="EndToEndQuoteCreation" time="0.0">
    <ignored/>
  </testcase> <!-- EndToEndQuoteCreation -->
  <testcase classname="com.terex.tests.IntegrationScenario" name="EndToEndQuoteCreationForRTCranesRejected" time="0.0">
    <ignored/>
  </testcase> <!-- EndToEndQuoteCreationForRTCranesRejected -->
  <testcase classname="com.terex.tests.IntegrationScenario" name="EndToEndQuoteCreationForRTCranes" time="0.0">
    <ignored/>
  </testcase> <!-- EndToEndQuoteCreationForRTCranes -->
</testsuite> <!-- Default test -->
