<?xml version="1.0" encoding="UTF-8"?>
<testng-results ignored="0" total="1" passed="1" failed="0" skipped="0">
  <reporter-output>
  </reporter-output>
  <suite started-at="2025-02-10T17:21:03 IST" name="Default suite" finished-at="2025-02-10T17:27:20 IST" duration-ms="376338">
    <groups>
    </groups>
    <test started-at="2025-02-10T17:21:03 IST" name="Default test" finished-at="2025-02-10T17:27:20 IST" duration-ms="376338">
      <class name="com.terex.tests.IntegrationScenario">
        <test-method is-config="true" signature="beforeSuite()[pri:0, instance:com.terex.tests.IntegrationScenario@248e319b]" started-at="2025-02-10T17:21:03 IST" name="beforeSuite" finished-at="2025-02-10T17:21:03 IST" duration-ms="229" status="PASS">
          <reporter-output>
          </reporter-output>
        </test-method> <!-- beforeSuite -->
        <test-method is-config="true" signature="beforeClass()[pri:0, instance:com.terex.tests.IntegrationScenario@248e319b]" started-at="2025-02-10T17:21:03 IST" name="beforeClass" finished-at="2025-02-10T17:21:03 IST" duration-ms="4" status="PASS">
          <reporter-output>
          </reporter-output>
        </test-method> <!-- beforeClass -->
        <test-method signature="EndToEndQuoteCreationForProAll(java.util.Map)[pri:0, instance:com.terex.tests.IntegrationScenario@248e319b]" started-at="2025-02-10T17:21:04 IST" name="EndToEndQuoteCreationForProAll" description="End to End Quote Creation" data-provider="getData" finished-at="2025-02-10T17:27:20 IST" duration-ms="376014" status="PASS">
          <params>
            <param index="0">
              <value>
                <![CDATA[{Account=BOOM LOGISTICS LTD', Description=ProAllTesting, strUsername=versha.krishnani@terex.com, Quantity=2, Product=C4044, testname=EndToEndQuoteCreationForProAll, execute=yes, strPassword=Newfriendmomo@1234, SalesOrderNumber=1237, browser=edge, SearchType=Create / Edit CPQ Quote, scenarioName=EndToEnd_IntegrationScenarioForProAll}]]>
              </value>
            </param>
          </params>
          <reporter-output>
          </reporter-output>
        </test-method> <!-- EndToEndQuoteCreationForProAll -->
        <test-method is-config="true" signature="tearDown(org.testng.ITestResult)[pri:0, instance:com.terex.tests.IntegrationScenario@248e319b]" started-at="2025-02-10T17:27:20 IST" name="tearDown" finished-at="2025-02-10T17:27:20 IST" duration-ms="0" status="PASS">
          <params>
            <param index="0">
              <value>
                <![CDATA[[TestResult name=EndToEndQuoteCreationForProAll status=SUCCESS method=IntegrationScenario.EndToEndQuoteCreationForProAll(java.util.Map)[pri:0, instance:com.terex.tests.IntegrationScenario@248e319b] output={null}]]]>
              </value>
            </param>
          </params>
          <reporter-output>
          </reporter-output>
        </test-method> <!-- tearDown -->
        <test-method is-config="true" signature="AfterSuite()[pri:0, instance:com.terex.tests.IntegrationScenario@248e319b]" started-at="2025-02-10T17:27:20 IST" name="AfterSuite" finished-at="2025-02-10T17:27:20 IST" duration-ms="448" status="PASS">
          <reporter-output>
          </reporter-output>
        </test-method> <!-- AfterSuite -->
      </class> <!-- com.terex.tests.IntegrationScenario -->
    </test> <!-- Default test -->
  </suite> <!-- Default suite -->
</testng-results>
